<?xml version="1.0" encoding="UTF-8"?>
<!-- Generated by org.testng.reporters.JUnitXMLReporter -->
<testsuite hostname="Bilal-PC" name="Test" tests="9" failures="0" timestamp="13 Apr 2019 20:25:48 GMT" time="99.364" errors="0">
  <testcase name="urlTest" time="0.908" classname="com.classiccrm.testcases.HomePageTest"/>
  <testcase name="titleTest" time="0.827" classname="com.classiccrm.testcases.HomePageTest"/>
  <testcase name="logoTest" time="0.819" classname="com.classiccrm.testcases.HomePageTest"/>
  <testcase name="pricingTest" time="3.882" classname="com.classiccrm.testcases.HomePageTest"/>
  <testcase name="validLoginTest" time="3.799" classname="com.classiccrm.testcases.LoginPageTest"/>
  <testcase name="invalidLoginTest" time="0.103" classname="com.classiccrm.testcases.LoginPageTest">
    <skipped/>
  </testcase> <!-- invalidLoginTest -->
  <testcase name="loginTest" time="5.512" classname="com.classiccrm.testcases.LoginPageTest"/>
  <testcase name="accountLabelTest" time="4.195" classname="com.classiccrm.testcases.LoginPageTest"/>
  <testcase name="addNewContactTest" time="0.018" classname="com.classiccrm.testcases.ContactPageTest">
    <skipped/>
  </testcase> <!-- addNewContactTest -->
</testsuite> <!-- Test -->
