<?xml version="1.0" encoding="UTF-8"?>
<!-- Generated by org.testng.reporters.JUnitXMLReporter -->
<testsuite hostname="Bilal-PC" name="Test" tests="15" failures="0" timestamp="7 Apr 2019 17:06:41 GMT" time="269.557" errors="0">
  <testcase name="urlTest" time="0.568" classname="com.classiccrm.testcases.HomePageTest"/>
  <testcase name="titleTest" time="0.509" classname="com.classiccrm.testcases.HomePageTest"/>
  <testcase name="logoTest" time="0.516" classname="com.classiccrm.testcases.HomePageTest"/>
  <testcase name="pricingTest" time="4.115" classname="com.classiccrm.testcases.HomePageTest"/>
  <testcase name="validLoginTest" time="4.904" classname="com.classiccrm.testcases.LoginPageTest"/>
  <testcase name="invalidLoginTest" time="1.804" classname="com.classiccrm.testcases.LoginPageTest"/>
  <testcase name="invalidLoginTest" time="1.514" classname="com.classiccrm.testcases.LoginPageTest"/>
  <testcase name="invalidLoginTest" time="1.829" classname="com.classiccrm.testcases.LoginPageTest"/>
  <testcase name="loginTest" time="3.74" classname="com.classiccrm.testcases.LoginPageTest"/>
  <testcase name="accountLabelTest" time="4.412" classname="com.classiccrm.testcases.LoginPageTest"/>
  <testcase name="addNewContactTest" time="7.321" classname="com.classiccrm.testcases.ContactPageTest"/>
  <testcase name="addNewContactTest" time="6.988" classname="com.classiccrm.testcases.ContactPageTest"/>
  <testcase name="addNewContactTest" time="7.761" classname="com.classiccrm.testcases.ContactPageTest"/>
  <testcase name="addNewContactTest" time="7.169" classname="com.classiccrm.testcases.ContactPageTest"/>
  <testcase name="addNewContactTest" time="6.627" classname="com.classiccrm.testcases.ContactPageTest"/>
</testsuite> <!-- Test -->
