<?xml version="1.0" encoding="UTF-8"?>
<!-- Generated by org.testng.reporters.JUnitXMLReporter -->
<testsuite hostname="Bilal-PC" failures="0" tests="15" name="Test" time="235.863" errors="0" timestamp="13 Apr 2019 20:39:57 GMT">
  <testcase classname="com.classiccrm.testcases.HomePageTest" name="urlTest" time="0.987"/>
  <testcase classname="com.classiccrm.testcases.HomePageTest" name="titleTest" time="0.791"/>
  <testcase classname="com.classiccrm.testcases.HomePageTest" name="logoTest" time="0.862"/>
  <testcase classname="com.classiccrm.testcases.HomePageTest" name="pricingTest" time="3.762"/>
  <testcase classname="com.classiccrm.testcases.LoginPageTest" name="validLoginTest" time="5.395"/>
  <testcase classname="com.classiccrm.testcases.LoginPageTest" name="invalidLoginTest" time="1.728"/>
  <testcase classname="com.classiccrm.testcases.LoginPageTest" name="invalidLoginTest" time="2.22"/>
  <testcase classname="com.classiccrm.testcases.LoginPageTest" name="invalidLoginTest" time="2.218"/>
  <testcase classname="com.classiccrm.testcases.LoginPageTest" name="loginTest" time="4.917"/>
  <testcase classname="com.classiccrm.testcases.LoginPageTest" name="accountLabelTest" time="5.158"/>
  <testcase classname="com.classiccrm.testcases.ContactPageTest" name="addNewContactTest" time="7.761"/>
  <testcase classname="com.classiccrm.testcases.ContactPageTest" name="addNewContactTest" time="8.557"/>
  <testcase classname="com.classiccrm.testcases.ContactPageTest" name="addNewContactTest" time="8.117"/>
  <testcase classname="com.classiccrm.testcases.ContactPageTest" name="addNewContactTest" time="7.418"/>
  <testcase classname="com.classiccrm.testcases.ContactPageTest" name="addNewContactTest" time="8.179"/>
</testsuite> <!-- Test -->
