<?xml version="1.0" encoding="UTF-8"?>
<!-- Generated by org.testng.reporters.JUnitXMLReporter -->
<testsuite hostname="Bilal-PC" failures="0" tests="15" name="Test" time="282.277" errors="0" timestamp="7 Apr 2019 13:33:26 GMT">
  <testcase classname="com.classiccrm.testcases.HomePageTest" name="urlTest" time="0.014"/>
  <testcase classname="com.classiccrm.testcases.HomePageTest" name="titleTest" time="0.012"/>
  <testcase classname="com.classiccrm.testcases.HomePageTest" name="logoTest" time="0.336"/>
  <testcase classname="com.classiccrm.testcases.HomePageTest" name="pricingTest" time="5.851"/>
  <testcase classname="com.classiccrm.testcases.LoginPageTest" name="validLoginTest" time="6.582"/>
  <testcase classname="com.classiccrm.testcases.LoginPageTest" name="invalidLoginTest" time="1.714"/>
  <testcase classname="com.classiccrm.testcases.LoginPageTest" name="invalidLoginTest" time="1.813"/>
  <testcase classname="com.classiccrm.testcases.LoginPageTest" name="invalidLoginTest" time="1.561"/>
  <testcase classname="com.classiccrm.testcases.LoginPageTest" name="loginTest" time="3.436"/>
  <testcase classname="com.classiccrm.testcases.LoginPageTest" name="accountLabelTest" time="4.366"/>
  <testcase classname="com.classiccrm.testcases.ContactPageTest" name="addNewContactTest" time="7.324"/>
  <testcase classname="com.classiccrm.testcases.ContactPageTest" name="addNewContactTest" time="7.627"/>
  <testcase classname="com.classiccrm.testcases.ContactPageTest" name="addNewContactTest" time="7.153"/>
  <testcase classname="com.classiccrm.testcases.ContactPageTest" name="addNewContactTest" time="6.908"/>
  <testcase classname="com.classiccrm.testcases.ContactPageTest" name="addNewContactTest" time="7.065"/>
</testsuite> <!-- Test -->
