<?xml version="1.0" encoding="UTF-8"?>
<testsuite xmlns:xsi="http://www.w3.org/2001/XMLSchema-instance" xsi:noNamespaceSchemaLocation="https://maven.apache.org/surefire/maven-surefire-plugin/xsd/surefire-test-report-3.0.xsd" version="3.0" name="TestSuite" time="406.824" tests="22" errors="0" skipped="0" failures="5">
  <properties>
[...]
</properties>
  <testcase name="urlTest" classname="com.classiccrm.testcases.HomePageTest" time="0.01"/>
  <testcase name="titleTest" classname="com.classiccrm.testcases.HomePageTest" time="0.009"/>
  <testcase name="logoTest" classname="com.classiccrm.testcases.HomePageTest" time="0.041"/>
  <testcase name="loginTest" classname="com.classiccrm.testcases.HomePageTest" time="4.998"/>
  <testcase name="loginTest" classname="com.classiccrm.testcases.HomePageTest" time="3.749"/>
  <testcase name="testLogin" classname="com.classiccrm.testcases.LoginPageTest" time="4.472"/>
  <testcase name="testLogin" classname="com.classiccrm.testcases.LoginPageTest" time="1.513">
    <failure message="No frame element found by name or id mainpanel&#10;Build info: version: &apos;3.13.0&apos;, revision: &apos;2f0d292&apos;, time: &apos;2018-06-25T15:24:21.231Z&apos;&#10;System info: host: &apos;BILAL-PC&apos;, ip: &apos;192.168.1.6&apos;, os.name: &apos;Windows 10&apos;, os.arch: &apos;amd64&apos;, os.version: &apos;10.0&apos;, java.version: &apos;11.0.1&apos;&#10;Driver info: driver.version: unknown" type="org.openqa.selenium.NoSuchFrameException">org.openqa.selenium.NoSuchFrameException: 
No frame element found by name or id mainpanel
Build info: version: '3.13.0', revision: '2f0d292', time: '2018-06-25T15:24:21.231Z'
System info: host: 'BILAL-PC', ip: '192.168.1.6', os.name: 'Windows 10', os.arch: 'amd64', os.version: '10.0', java.version: '11.0.1'
Driver info: driver.version: unknown
	at com.classiccrm.testcases.LoginPageTest.testLogin(LoginPageTest.java:29)
</failure>
    <system-out><![CDATA[Trying to find Element By : By.xpath: //input[@placeholder='Username']
Found Element By : By.xpath: //input[@placeholder='Username']
Trying to find Element By : By.xpath: //input[@placeholder='Password']
Found Element By : By.xpath: //input[@placeholder='Password']
Trying to find Element By : By.xpath: //input[@value='Login']
Found Element By : By.xpath: //input[@value='Login']
Value of the:[[FirefoxDriver: firefox on WINDOWS (ff1f9df1-0713-4ab2-af1c-e27ef80b81a0)] -> xpath: //input[@placeholder='Username']] before any changes made
Element value changed to: [[FirefoxDriver: firefox on WINDOWS (ff1f9df1-0713-4ab2-af1c-e27ef80b81a0)] -> xpath: //input[@placeholder='Username']]
Value of the:[[FirefoxDriver: firefox on WINDOWS (ff1f9df1-0713-4ab2-af1c-e27ef80b81a0)] -> xpath: //input[@placeholder='Password']] before any changes made
Element value changed to: [[FirefoxDriver: firefox on WINDOWS (ff1f9df1-0713-4ab2-af1c-e27ef80b81a0)] -> xpath: //input[@placeholder='Password']]
Trying to click on: [[FirefoxDriver: firefox on WINDOWS (ff1f9df1-0713-4ab2-af1c-e27ef80b81a0)] -> xpath: //input[@value='Login']]
Clicked on: [[FirefoxDriver: firefox on WINDOWS (ff1f9df1-0713-4ab2-af1c-e27ef80b81a0)] -> xpath: //input[@value='Login']]
]]></system-out>
    <system-err><![CDATA[1554464106665	Marionette	INFO	Stopped listening on port 52394
[Child 1764, Chrome_ChildThread] WARNING: pipe error: 109: file z:/task_1552575759/build/src/ipc/chromium/src/chrome/common/ipc_channel_win.cc, line 341
[Child 1764, Chrome_ChildThread] WARNING: pipe error: 109: file z:/task_1552575759/build/src/ipc/chromium/src/chrome/common/ipc_channel_win.cc, line 34[Child 8120, Chrome_ChildThread] WARNING: pipe error: 109: file z:/task_1552575759/build/src/ipc/chromium/src/chrome/common/ipc_channel_win.cc, line 341
[GPU 5652,
###!!! [Child][RunMessage] Error: Channel closing: too late to send/recv, messages will be lost

 Chrome_ChildT[Parent 10156, Gecko_IOThread] WARNING: pipe error: 232: file z:/task_1552575759/build/src/ipc/chromium/src/chrome/common/ipc_channel_win.cc, line 502
1554464108740	mozrunner::runner	INFO	Running command: "C:\\Program Files\\Firefox Developer Edition\\firefox.exe" "-marionette" "-foreground" "-no-remote" "-profile" "C:\\Users\\Bilal\\AppData\\Local\\Temp\\rust_mozprofile.ibqduLGOYSQb"
1554464109423	addons.webextension.screenshots@mozilla.org	WARN	Loading extension 'screenshots@mozilla.org': Reading manifest: Invalid extension permission: mozillaAddons
1554464109423	addons.webextension.screenshots@mozilla.org	WARN	Loading extension 'screenshots@mozilla.org': Reading manifest: Invalid extension permission: resource://pdf.js/
1554464109423	addons.webextension.screenshots@mozilla.org	WARN	Loading extension 'screenshots@mozilla.org': Reading manifest: Invalid extension permission: about:reader*
1554464112292	Marionette	INFO	Listening on port 52449
1554464112590	Marionette	WARN	TLS certificate errors will be ignored for this session
avr. 05, 2019 1:35:12 PM org.openqa.selenium.remote.ProtocolHandshake createSession
INFO: Detected dialect: W3C
]]></system-err>
  </testcase>
  <testcase name="testLogin" classname="com.classiccrm.testcases.LoginPageTest" time="1.885">
    <failure message="No frame element found by name or id mainpanel&#10;Build info: version: &apos;3.13.0&apos;, revision: &apos;2f0d292&apos;, time: &apos;2018-06-25T15:24:21.231Z&apos;&#10;System info: host: &apos;BILAL-PC&apos;, ip: &apos;192.168.1.6&apos;, os.name: &apos;Windows 10&apos;, os.arch: &apos;amd64&apos;, os.version: &apos;10.0&apos;, java.version: &apos;11.0.1&apos;&#10;Driver info: driver.version: unknown" type="org.openqa.selenium.NoSuchFrameException">org.openqa.selenium.NoSuchFrameException: 
No frame element found by name or id mainpanel
Build info: version: '3.13.0', revision: '2f0d292', time: '2018-06-25T15:24:21.231Z'
System info: host: 'BILAL-PC', ip: '192.168.1.6', os.name: 'Windows 10', os.arch: 'amd64', os.version: '10.0', java.version: '11.0.1'
Driver info: driver.version: unknown
	at com.classiccrm.testcases.LoginPageTest.testLogin(LoginPageTest.java:29)
</failure>
    <system-out><![CDATA[Trying to find Element By : By.xpath: //input[@placeholder='Username']
Found Element By : By.xpath: //input[@placeholder='Username']
Trying to find Element By : By.xpath: //input[@placeholder='Password']
Found Element By : By.xpath: //input[@placeholder='Password']
Trying to find Element By : By.xpath: //input[@value='Login']
Found Element By : By.xpath: //input[@value='Login']
Value of the:[[FirefoxDriver: firefox on WINDOWS (d0d71834-7744-43f7-988a-745625176ff7)] -> xpath: //input[@placeholder='Username']] before any changes made
Element value changed to: [[FirefoxDriver: firefox on WINDOWS (d0d71834-7744-43f7-988a-745625176ff7)] -> xpath: //input[@placeholder='Username']]
Value of the:[[FirefoxDriver: firefox on WINDOWS (d0d71834-7744-43f7-988a-745625176ff7)] -> xpath: //input[@placeholder='Password']] before any changes made
Element value changed to: [[FirefoxDriver: firefox on WINDOWS (d0d71834-7744-43f7-988a-745625176ff7)] -> xpath: //input[@placeholder='Password']]
Trying to click on: [[FirefoxDriver: firefox on WINDOWS (d0d71834-7744-43f7-988a-745625176ff7)] -> xpath: //input[@value='Login']]
Clicked on: [[FirefoxDriver: firefox on WINDOWS (d0d71834-7744-43f7-988a-745625176ff7)] -> xpath: //input[@value='Login']]
]]></system-out>
    <system-err><![CDATA[1554464122417	Marionette	INFO	Stopped listening on port 52449
[Child 5924, Chrome_ChildThread] WARNING: pipe error: 109: file z:/task_1552575759/build/src/ipc/chromium/src/chrome/common/ipc_channel_win.cc, line 341
[Child 5924, Chrome_ChildThread] WARNING: pipe error: 109: file z:/task_1552575759/build/src/ipc/chromium/src/chrome/common/ipc_channel_win.cc, line 341
[Child 7408, Chrome_ChildThread] WARNING: pipe error: 109: file z:/task_1552575759/build/src/ipc/chromium/src/chrome/common/ipc_channel_win.cc, line 341
[Child 7408, Chrome_ChildThread] WARNING: pipe error: 109: file z:/task_1552575759/build/src/ipc/chromium/src/chrome/common/ipc_channel_win.cc, line 341

###!!! [Child][RunMessage] Error: Channel closing: too late to send/recv, messages will be lost

[GPU 6640, Chrome_ChildThread] WARNING: 
###!!! [Child][MessageChannel::SendAndWait] Error: (msgtype=0x540005,name=PImageBridge::Msg_WillClose) Channel error: cannot send/recv

1554464125056	mozrunner::runner	INFO	Running command: "C:\\Program Files\\Firefox Developer Edition\\firefox.exe" "-marionette" "-foreground" "-no-remote" "-profile" "C:\\Users\\Bilal\\AppData\\Local\\Temp\\rust_mozprofile.2lWZWgnaoxyA"
1554464125637	addons.webextension.screenshots@mozilla.org	WARN	Loading extension 'screenshots@mozilla.org': Reading manifest: Invalid extension permission: mozillaAddons
1554464125637	addons.webextension.screenshots@mozilla.org	WARN	Loading extension 'screenshots@mozilla.org': Reading manifest: Invalid extension permission: resource://pdf.js/
1554464125637	addons.webextension.screenshots@mozilla.org	WARN	Loading extension 'screenshots@mozilla.org': Reading manifest: Invalid extension permission: about:reader*
1554464128319	Marionette	INFO	Listening on port 52512
1554464128346	Marionette	WARN	TLS certificate errors will be ignored for this session
avr. 05, 2019 1:35:28 PM org.openqa.selenium.remote.ProtocolHandshake createSession
INFO: Detected dialect: W3C
]]></system-err>
  </testcase>
  <testcase name="testLogin" classname="com.classiccrm.testcases.LoginPageTest" time="1.445">
    <failure message="No frame element found by name or id mainpanel&#10;Build info: version: &apos;3.13.0&apos;, revision: &apos;2f0d292&apos;, time: &apos;2018-06-25T15:24:21.231Z&apos;&#10;System info: host: &apos;BILAL-PC&apos;, ip: &apos;192.168.1.6&apos;, os.name: &apos;Windows 10&apos;, os.arch: &apos;amd64&apos;, os.version: &apos;10.0&apos;, java.version: &apos;11.0.1&apos;&#10;Driver info: driver.version: unknown" type="org.openqa.selenium.NoSuchFrameException">org.openqa.selenium.NoSuchFrameException: 
No frame element found by name or id mainpanel
Build info: version: '3.13.0', revision: '2f0d292', time: '2018-06-25T15:24:21.231Z'
System info: host: 'BILAL-PC', ip: '192.168.1.6', os.name: 'Windows 10', os.arch: 'amd64', os.version: '10.0', java.version: '11.0.1'
Driver info: driver.version: unknown
	at com.classiccrm.testcases.LoginPageTest.testLogin(LoginPageTest.java:29)
</failure>
    <system-out><![CDATA[Trying to find Element By : By.xpath: //input[@placeholder='Username']
Found Element By : By.xpath: //input[@placeholder='Username']
Trying to find Element By : By.xpath: //input[@placeholder='Password']
Found Element By : By.xpath: //input[@placeholder='Password']
Trying to find Element By : By.xpath: //input[@value='Login']
Found Element By : By.xpath: //input[@value='Login']
Value of the:[[FirefoxDriver: firefox on WINDOWS (309bee60-04af-4955-971a-9e96d6935ae4)] -> xpath: //input[@placeholder='Username']] before any changes made
Element value changed to: [[FirefoxDriver: firefox on WINDOWS (309bee60-04af-4955-971a-9e96d6935ae4)] -> xpath: //input[@placeholder='Username']]
Value of the:[[FirefoxDriver: firefox on WINDOWS (309bee60-04af-4955-971a-9e96d6935ae4)] -> xpath: //input[@placeholder='Password']] before any changes made
Element value changed to: [[FirefoxDriver: firefox on WINDOWS (309bee60-04af-4955-971a-9e96d6935ae4)] -> xpath: //input[@placeholder='Password']]
Trying to click on: [[FirefoxDriver: firefox on WINDOWS (309bee60-04af-4955-971a-9e96d6935ae4)] -> xpath: //input[@value='Login']]
Clicked on: [[FirefoxDriver: firefox on WINDOWS (309bee60-04af-4955-971a-9e96d6935ae4)] -> xpath: //input[@value='Login']]
]]></system-out>
    <system-err><![CDATA[1554464137504	Marionette	INFO	Stopped listening on port 52512
IPDL protocol error: Handler returned error code!

###!!! [Parent][DispatchAsyncMessage] Error: PLayerTransaction::Msg_ReleaseLayer Processing error: message was deserialized, but the handler returned false (indicating failure)

IPDL protocol error: Handler returned error code!

###!!! [Parent][DispatchAsyncMessage] Error: PLayerTransaction::Msg_ReleaseLayer Processing error: message was deserialized, but the handler returned false (indicating failure)

IPDL protocol error: Handler returned error code!

###!!! [Parent][DispatchAsyncMessage] Error: PLayerTransaction::Msg_ReleaseLayer Processing error: message was deserialized, but the handler returned false (indicating failure)

IPDL protocol error: Handler returned error code!

###!!! [Parent][DispatchAsyncMessage] Error: PLayerTransaction::Msg_ReleaseLayer Processing error: message was deserialized, but the handler returned false (indicating failure)

IPDL protocol error: Handler returned error code!

###!!! [Parent][DispatchAsyncMessage] Error: PLayerTransaction::Msg_ReleaseLayer Processing error: message was deserialized, but the handler returned false (indicating failure)

IPDL protocol error: Handler returned error code!

###!!! [Parent][DispatchAsyncMessage] Error: PLayerTransaction::Msg_ReleaseLayer Processing error: message was deserialized, but the handler returned false (indicating failure)

IPDL protocol error: Handler returned error code!

###!!! [Parent][DispatchAsyncMessage] Error: PLayerTransaction::Msg_ReleaseLayer Processing error: message was deserialized, but the handler returned false (indicating failure)


###!!! [Child][RunMessage] Error: Channel closing: too late to send/recv, messages will be lost

[GPU 10944, Chrome_ChildThread] WARNING: pipe err[Parent 1608, Gecko_IOThread] WARNING: pipe error: 232: file z:/task_1552575759/build/src/ipc/chromium/src/chrome/common/ipc_channel_win.cc, line 502

###!!! [Child][MessageChannel::SendAndWait] Error: Channel error: cannot send/recv

1554464139680	mozrunner::runner	INFO	Running command: "C:\\Program Files\\Firefox Developer Edition\\firefox.exe" "-marionette" "-foreground" "-no-remote" "-profile" "C:\\Users\\Bilal\\AppData\\Local\\Temp\\rust_mozprofile.BxIvOAz2xOT3"
1554464140266	addons.webextension.screenshots@mozilla.org	WARN	Loading extension 'screenshots@mozilla.org': Reading manifest: Invalid extension permission: mozillaAddons
1554464140267	addons.webextension.screenshots@mozilla.org	WARN	Loading extension 'screenshots@mozilla.org': Reading manifest: Invalid extension permission: resource://pdf.js/
1554464140267	addons.webextension.screenshots@mozilla.org	WARN	Loading extension 'screenshots@mozilla.org': Reading manifest: Invalid extension permission: about:reader*
1554464143218	Marionette	INFO	Listening on port 52569
1554464143524	Marionette	WARN	TLS certificate errors will be ignored for this session
avr. 05, 2019 1:35:43 PM org.openqa.selenium.remote.ProtocolHandshake createSession
INFO: Detected dialect: W3C
]]></system-err>
  </testcase>
  <testcase name="testLogin" classname="com.classiccrm.testcases.LoginPageTest" time="4.719"/>
  <testcase name="testLogin" classname="com.classiccrm.testcases.LoginPageTest" time="1.661">
    <failure message="No frame element found by name or id mainpanel&#10;Build info: version: &apos;3.13.0&apos;, revision: &apos;2f0d292&apos;, time: &apos;2018-06-25T15:24:21.231Z&apos;&#10;System info: host: &apos;BILAL-PC&apos;, ip: &apos;192.168.1.6&apos;, os.name: &apos;Windows 10&apos;, os.arch: &apos;amd64&apos;, os.version: &apos;10.0&apos;, java.version: &apos;11.0.1&apos;&#10;Driver info: driver.version: unknown" type="org.openqa.selenium.NoSuchFrameException">org.openqa.selenium.NoSuchFrameException: 
No frame element found by name or id mainpanel
Build info: version: '3.13.0', revision: '2f0d292', time: '2018-06-25T15:24:21.231Z'
System info: host: 'BILAL-PC', ip: '192.168.1.6', os.name: 'Windows 10', os.arch: 'amd64', os.version: '10.0', java.version: '11.0.1'
Driver info: driver.version: unknown
	at com.classiccrm.testcases.LoginPageTest.testLogin(LoginPageTest.java:29)
</failure>
    <system-out><![CDATA[Trying to find Element By : By.xpath: //input[@placeholder='Username']
Found Element By : By.xpath: //input[@placeholder='Username']
Trying to find Element By : By.xpath: //input[@placeholder='Password']
Found Element By : By.xpath: //input[@placeholder='Password']
Trying to find Element By : By.xpath: //input[@value='Login']
Found Element By : By.xpath: //input[@value='Login']
Value of the:[[FirefoxDriver: firefox on WINDOWS (0d49bfaf-4ebf-4fc0-be8e-fc99008a740a)] -> xpath: //input[@placeholder='Username']] before any changes made
Element value changed to: [[FirefoxDriver: firefox on WINDOWS (0d49bfaf-4ebf-4fc0-be8e-fc99008a740a)] -> xpath: //input[@placeholder='Username']]
Value of the:[[FirefoxDriver: firefox on WINDOWS (0d49bfaf-4ebf-4fc0-be8e-fc99008a740a)] -> xpath: //input[@placeholder='Password']] before any changes made
Element value changed to: [[FirefoxDriver: firefox on WINDOWS (0d49bfaf-4ebf-4fc0-be8e-fc99008a740a)] -> xpath: //input[@placeholder='Password']]
Trying to click on: [[FirefoxDriver: firefox on WINDOWS (0d49bfaf-4ebf-4fc0-be8e-fc99008a740a)] -> xpath: //input[@value='Login']]
Clicked on: [[FirefoxDriver: firefox on WINDOWS (0d49bfaf-4ebf-4fc0-be8e-fc99008a740a)] -> xpath: //input[@value='Login']]
]]></system-out>
    <system-err><![CDATA[1554464171337	Marionette	INFO	Stopped listening on port 52632
[Child 5252, Chrome_ChildThread] WARNING: pipe error: 109: file z:/task_1552575759/build/src/ipc/chromium/src/chrome/common/ipc_channel_win.cc, line 341
[Child 5252, Chrome_ChildThread] WARNING: pipe error: 109: file z:/task_1552575759/build/src/ipc/chromium/src/chrome/common/ipc_channel_win.cc, line 341
[Child 5688, Chrome_ChildThread] WARNING: pipe error: 109: file z:/task_1552575759/build/src/ipc/chromium/src/chrome/common/ipc_channel_win.cc, line 341
[Child 5688, Chrome_ChildThread] WARNING: pipe error: 109: f[Parent 2292, Gecko_IOThread] WARNING: pipe error: 109: file z:/task_1552575759/build/src/ipc/chromium/src/chrome/common/ipc_channel_win.cc, line 341

###!!! [Child][RunMessage] Error: Channel closing: too late to send/recv, messages will be lost

[GPU 6960, Chrome_ChildThread] WARNING: pipe error: 109: file z:/task_1552575759/build/src/ipc/chromium/src/chrome/common/ipc_chann
###!!! [Child][MessageChannel::SendAndWait] Error: Channel error: cannot send/recv

1554464174081	mozrunner::runner	INFO	Running command: "C:\\Program Files\\Firefox Developer Edition\\firefox.exe" "-marionette" "-foreground" "-no-remote" "-profile" "C:\\Users\\Bilal\\AppData\\Local\\Temp\\rust_mozprofile.qzPKKYMcCOtc"
1554464174636	addons.webextension.screenshots@mozilla.org	WARN	Loading extension 'screenshots@mozilla.org': Reading manifest: Invalid extension permission: mozillaAddons
1554464174636	addons.webextension.screenshots@mozilla.org	WARN	Loading extension 'screenshots@mozilla.org': Reading manifest: Invalid extension permission: resource://pdf.js/
1554464174636	addons.webextension.screenshots@mozilla.org	WARN	Loading extension 'screenshots@mozilla.org': Reading manifest: Invalid extension permission: about:reader*
1554464177317	Marionette	INFO	Listening on port 52717
1554464177330	Marionette	WARN	TLS certificate errors will be ignored for this session
avr. 05, 2019 1:36:17 PM org.openqa.selenium.remote.ProtocolHandshake createSession
INFO: Detected dialect: W3C
]]></system-err>
  </testcase>
  <testcase name="testLogin" classname="com.classiccrm.testcases.LoginPageTest" time="1.469">
    <failure message="No frame element found by name or id mainpanel&#10;Build info: version: &apos;3.13.0&apos;, revision: &apos;2f0d292&apos;, time: &apos;2018-06-25T15:24:21.231Z&apos;&#10;System info: host: &apos;BILAL-PC&apos;, ip: &apos;192.168.1.6&apos;, os.name: &apos;Windows 10&apos;, os.arch: &apos;amd64&apos;, os.version: &apos;10.0&apos;, java.version: &apos;11.0.1&apos;&#10;Driver info: driver.version: unknown" type="org.openqa.selenium.NoSuchFrameException">org.openqa.selenium.NoSuchFrameException: 
No frame element found by name or id mainpanel
Build info: version: '3.13.0', revision: '2f0d292', time: '2018-06-25T15:24:21.231Z'
System info: host: 'BILAL-PC', ip: '192.168.1.6', os.name: 'Windows 10', os.arch: 'amd64', os.version: '10.0', java.version: '11.0.1'
Driver info: driver.version: unknown
	at com.classiccrm.testcases.LoginPageTest.testLogin(LoginPageTest.java:29)
</failure>
    <system-out><![CDATA[Trying to find Element By : By.xpath: //input[@placeholder='Username']
Found Element By : By.xpath: //input[@placeholder='Username']
Trying to find Element By : By.xpath: //input[@placeholder='Password']
Found Element By : By.xpath: //input[@placeholder='Password']
Trying to find Element By : By.xpath: //input[@value='Login']
Found Element By : By.xpath: //input[@value='Login']
Value of the:[[FirefoxDriver: firefox on WINDOWS (85fa3059-2633-47a4-a012-5a3b479b7d41)] -> xpath: //input[@placeholder='Username']] before any changes made
Element value changed to: [[FirefoxDriver: firefox on WINDOWS (85fa3059-2633-47a4-a012-5a3b479b7d41)] -> xpath: //input[@placeholder='Username']]
Value of the:[[FirefoxDriver: firefox on WINDOWS (85fa3059-2633-47a4-a012-5a3b479b7d41)] -> xpath: //input[@placeholder='Password']] before any changes made
Element value changed to: [[FirefoxDriver: firefox on WINDOWS (85fa3059-2633-47a4-a012-5a3b479b7d41)] -> xpath: //input[@placeholder='Password']]
Trying to click on: [[FirefoxDriver: firefox on WINDOWS (85fa3059-2633-47a4-a012-5a3b479b7d41)] -> xpath: //input[@value='Login']]
Clicked on: [[FirefoxDriver: firefox on WINDOWS (85fa3059-2633-47a4-a012-5a3b479b7d41)] -> xpath: //input[@value='Login']]
]]></system-out>
    <system-err><![CDATA[1554464187130	Marionette	INFO	Stopped listening on port 52717
IPDL protocol error: Handler returned error code!

###!!! [Parent][DispatchAsyncMessage] Error: PLayerTransaction::Msg_ReleaseLayer Processing error: message was deserialized, but the handler returned false (indicating failure)

[Child 2892, Chrome_ChildThread] WARNING: pipe error: 109: file z:/task_1552575759/build/src/ipc/chromium/src/chrome/common/ipc_channel_win.cc, line 341
[Child 2892, Chrome_ChildThread] WARNING: pipe error: 109: file z:/task_1552575759/build[Child 7884, Chrome_ChildThread] WARNING: pipe error: 109: file z:/task_1552575759/build/src/ipc/chromium/src/chrome/common/ipc_channel_win.cc, line 341
[Child 7884, Chrome_ChildThread] WARNING: pipe error: 109: file z:/task_1552575759/build/src/ipc/chromium/src/chrome/common/ipc_channel_win.cc, line 341

###!!! [Child][RunMessage] Error: Channel closing: too late to send/recv, messages will be lost

[GPU 5652, Chrome_ChildThread] WARNING: pipe error: 109: file z:1554464189440	mozrunner::runner	INFO	Running command: "C:\\Program Files\\Firefox Developer Edition\\firefox.exe" "-marionette" "-foreground" "-no-remote" "-profile" "C:\\Users\\Bilal\\AppData\\Local\\Temp\\rust_mozprofile.pokKBqOqeRN7"
1554464190024	addons.webextension.screenshots@mozilla.org	WARN	Loading extension 'screenshots@mozilla.org': Reading manifest: Invalid extension permission: mozillaAddons
1554464190024	addons.webextension.screenshots@mozilla.org	WARN	Loading extension 'screenshots@mozilla.org': Reading manifest: Invalid extension permission: resource://pdf.js/
1554464190024	addons.webextension.screenshots@mozilla.org	WARN	Loading extension 'screenshots@mozilla.org': Reading manifest: Invalid extension permission: about:reader*
1554464193131	Marionette	INFO	Listening on port 52781
1554464193277	Marionette	WARN	TLS certificate errors will be ignored for this session
avr. 05, 2019 1:36:33 PM org.openqa.selenium.remote.ProtocolHandshake createSession
INFO: Detected dialect: W3C
]]></system-err>
  </testcase>
  <testcase name="testAddContact" classname="com.classiccrm.testcases.ContactPageTest" time="6.539"/>
  <testcase name="testAddContact" classname="com.classiccrm.testcases.ContactPageTest" time="7.245"/>
  <testcase name="testAddContact" classname="com.classiccrm.testcases.ContactPageTest" time="6.856"/>
  <testcase name="testAddContact" classname="com.classiccrm.testcases.ContactPageTest" time="7.353"/>
  <testcase name="testAddContact" classname="com.classiccrm.testcases.ContactPageTest" time="7.483"/>
  <testcase name="testAddContact" classname="com.classiccrm.testcases.ContactPageTest" time="7.515"/>
  <testcase name="testAddContact" classname="com.classiccrm.testcases.ContactPageTest" time="6.802"/>
  <testcase name="testAddContact" classname="com.classiccrm.testcases.ContactPageTest" time="6.567"/>
  <testcase name="testAddContact" classname="com.classiccrm.testcases.ContactPageTest" time="7.065"/>
  <testcase name="testAddContact" classname="com.classiccrm.testcases.ContactPageTest" time="6.819"/>
</testsuite>