<?xml version="1.0" encoding="UTF-8"?>
<testsuite xmlns:xsi="http://www.w3.org/2001/XMLSchema-instance" xsi:noNamespaceSchemaLocation="https://maven.apache.org/surefire/maven-surefire-plugin/xsd/surefire-test-report-3.0.xsd" version="3.0" name="TestSuite" time="218.026" tests="15" errors="0" skipped="0" failures="0">
  <properties>
[...]
</properties>
  <testcase name="urlTest" classname="com.classiccrm.testcases.HomePageTest" time="0.977"/>
  <testcase name="titleTest" classname="com.classiccrm.testcases.HomePageTest" time="0.954"/>
  <testcase name="logoTest" classname="com.classiccrm.testcases.HomePageTest" time="1.022"/>
  <testcase name="pricingTest" classname="com.classiccrm.testcases.HomePageTest" time="3.623"/>
  <testcase name="validLoginTest" classname="com.classiccrm.testcases.LoginPageTest" time="4.01"/>
  <testcase name="invalidLoginTest" classname="com.classiccrm.testcases.LoginPageTest" time="2.379"/>
  <testcase name="invalidLoginTest" classname="com.classiccrm.testcases.LoginPageTest" time="1.754"/>
  <testcase name="invalidLoginTest" classname="com.classiccrm.testcases.LoginPageTest" time="1.759"/>
  <testcase name="loginTest" classname="com.classiccrm.testcases.LoginPageTest" time="5.518"/>
  <testcase name="accountLabelTest" classname="com.classiccrm.testcases.LoginPageTest" time="4.357"/>
  <testcase name="addNewContactTest" classname="com.classiccrm.testcases.ContactPageTest" time="7.146"/>
  <testcase name="addNewContactTest" classname="com.classiccrm.testcases.ContactPageTest" time="8.883"/>
  <testcase name="addNewContactTest" classname="com.classiccrm.testcases.ContactPageTest" time="7.447"/>
  <testcase name="addNewContactTest" classname="com.classiccrm.testcases.ContactPageTest" time="7.257"/>
  <testcase name="addNewContactTest" classname="com.classiccrm.testcases.ContactPageTest" time="7.105"/>
</testsuite>