<?xml version="1.0" encoding="UTF-8"?>
<testng-results total="15" passed="15" failed="0" skipped="0">
  <reporter-output>
  </reporter-output>
  <suite started-at="2019-04-07T13:28:44Z" name="End2End" finished-at="2019-04-07T13:33:26Z" duration-ms="282277">
    <groups>
    </groups>
    <test started-at="2019-04-07T13:28:44Z" name="Test" finished-at="2019-04-07T13:33:26Z" duration-ms="282277">
      <class name="com.classiccrm.testcases.HomePageTest">
        <test-method is-config="true" signature="lanchBrowser(java.lang.String, java.lang.String)[pri:0, instance:com.classiccrm.testcases.HomePageTest@3c947bc5]" started-at="2019-04-07T15:28:44Z" name="lanchBrowser" finished-at="2019-04-07T15:29:01Z" duration-ms="17478" status="PASS">
          <params>
            <param index="0">
              <value>
                <![CDATA[https://classic.crmpro.com/index.html]]>
              </value>
            </param>
            <param index="1">
              <value>
                <![CDATA[firefox]]>
              </value>
            </param>
          </params>
          <reporter-output>
          </reporter-output>
        </test-method> <!-- lanchBrowser -->
        <test-method signature="urlTest()[pri:0, instance:com.classiccrm.testcases.HomePageTest@3c947bc5]" started-at="2019-04-07T15:29:01Z" name="urlTest" finished-at="2019-04-07T15:29:01Z" duration-ms="14" status="PASS">
          <reporter-output>
          </reporter-output>
        </test-method> <!-- urlTest -->
        <test-method is-config="true" signature="drop()[pri:0, instance:com.classiccrm.testcases.HomePageTest@3c947bc5]" started-at="2019-04-07T15:29:01Z" name="drop" finished-at="2019-04-07T15:29:04Z" duration-ms="2687" status="PASS">
          <reporter-output>
          </reporter-output>
        </test-method> <!-- drop -->
        <test-method is-config="true" signature="lanchBrowser(java.lang.String, java.lang.String)[pri:0, instance:com.classiccrm.testcases.HomePageTest@3c947bc5]" started-at="2019-04-07T15:29:04Z" name="lanchBrowser" finished-at="2019-04-07T15:29:17Z" duration-ms="12804" status="PASS">
          <params>
            <param index="0">
              <value>
                <![CDATA[https://classic.crmpro.com/index.html]]>
              </value>
            </param>
            <param index="1">
              <value>
                <![CDATA[firefox]]>
              </value>
            </param>
          </params>
          <reporter-output>
          </reporter-output>
        </test-method> <!-- lanchBrowser -->
        <test-method signature="titleTest()[pri:0, instance:com.classiccrm.testcases.HomePageTest@3c947bc5]" started-at="2019-04-07T15:29:17Z" name="titleTest" finished-at="2019-04-07T15:29:17Z" duration-ms="12" status="PASS">
          <reporter-output>
          </reporter-output>
        </test-method> <!-- titleTest -->
        <test-method is-config="true" signature="drop()[pri:0, instance:com.classiccrm.testcases.HomePageTest@3c947bc5]" started-at="2019-04-07T15:29:17Z" name="drop" finished-at="2019-04-07T15:29:20Z" duration-ms="2785" status="PASS">
          <reporter-output>
          </reporter-output>
        </test-method> <!-- drop -->
        <test-method is-config="true" signature="lanchBrowser(java.lang.String, java.lang.String)[pri:0, instance:com.classiccrm.testcases.HomePageTest@3c947bc5]" started-at="2019-04-07T15:29:20Z" name="lanchBrowser" finished-at="2019-04-07T15:29:32Z" duration-ms="12523" status="PASS">
          <params>
            <param index="0">
              <value>
                <![CDATA[https://classic.crmpro.com/index.html]]>
              </value>
            </param>
            <param index="1">
              <value>
                <![CDATA[firefox]]>
              </value>
            </param>
          </params>
          <reporter-output>
          </reporter-output>
        </test-method> <!-- lanchBrowser -->
        <test-method signature="logoTest()[pri:0, instance:com.classiccrm.testcases.HomePageTest@3c947bc5]" started-at="2019-04-07T15:29:32Z" name="logoTest" finished-at="2019-04-07T15:29:33Z" duration-ms="336" status="PASS">
          <reporter-output>
          </reporter-output>
        </test-method> <!-- logoTest -->
        <test-method is-config="true" signature="drop()[pri:0, instance:com.classiccrm.testcases.HomePageTest@3c947bc5]" started-at="2019-04-07T15:29:33Z" name="drop" finished-at="2019-04-07T15:29:35Z" duration-ms="2711" status="PASS">
          <reporter-output>
          </reporter-output>
        </test-method> <!-- drop -->
        <test-method is-config="true" signature="lanchBrowser(java.lang.String, java.lang.String)[pri:0, instance:com.classiccrm.testcases.HomePageTest@3c947bc5]" started-at="2019-04-07T15:29:35Z" name="lanchBrowser" finished-at="2019-04-07T15:29:48Z" duration-ms="13148" status="PASS">
          <params>
            <param index="0">
              <value>
                <![CDATA[https://classic.crmpro.com/index.html]]>
              </value>
            </param>
            <param index="1">
              <value>
                <![CDATA[firefox]]>
              </value>
            </param>
          </params>
          <reporter-output>
          </reporter-output>
        </test-method> <!-- lanchBrowser -->
        <test-method signature="pricingTest()[pri:0, instance:com.classiccrm.testcases.HomePageTest@3c947bc5]" started-at="2019-04-07T15:29:48Z" name="pricingTest" finished-at="2019-04-07T15:29:54Z" duration-ms="5851" status="PASS">
          <reporter-output>
          </reporter-output>
        </test-method> <!-- pricingTest -->
        <test-method is-config="true" signature="drop()[pri:0, instance:com.classiccrm.testcases.HomePageTest@3c947bc5]" started-at="2019-04-07T15:29:54Z" name="drop" finished-at="2019-04-07T15:29:56Z" duration-ms="2003" status="PASS">
          <reporter-output>
          </reporter-output>
        </test-method> <!-- drop -->
      </class> <!-- com.classiccrm.testcases.HomePageTest -->
      <class name="com.classiccrm.testcases.LoginPageTest">
        <test-method is-config="true" signature="lanchBrowser(java.lang.String, java.lang.String)[pri:0, instance:com.classiccrm.testcases.LoginPageTest@2cdd0d4b]" started-at="2019-04-07T15:29:56Z" name="lanchBrowser" finished-at="2019-04-07T15:30:10Z" duration-ms="13717" status="PASS">
          <params>
            <param index="0">
              <value>
                <![CDATA[https://classic.crmpro.com/index.html]]>
              </value>
            </param>
            <param index="1">
              <value>
                <![CDATA[firefox]]>
              </value>
            </param>
          </params>
          <reporter-output>
          </reporter-output>
        </test-method> <!-- lanchBrowser -->
        <test-method signature="validLoginTest()[pri:0, instance:com.classiccrm.testcases.LoginPageTest@2cdd0d4b]" started-at="2019-04-07T15:30:10Z" name="validLoginTest" finished-at="2019-04-07T15:30:17Z" duration-ms="6582" status="PASS">
          <reporter-output>
          </reporter-output>
        </test-method> <!-- validLoginTest -->
        <test-method is-config="true" signature="drop()[pri:0, instance:com.classiccrm.testcases.LoginPageTest@2cdd0d4b]" started-at="2019-04-07T15:30:17Z" name="drop" finished-at="2019-04-07T15:30:19Z" duration-ms="1885" status="PASS">
          <reporter-output>
          </reporter-output>
        </test-method> <!-- drop -->
        <test-method is-config="true" signature="lanchBrowser(java.lang.String, java.lang.String)[pri:0, instance:com.classiccrm.testcases.LoginPageTest@2cdd0d4b]" started-at="2019-04-07T15:30:19Z" name="lanchBrowser" finished-at="2019-04-07T15:30:31Z" duration-ms="11820" status="PASS">
          <params>
            <param index="0">
              <value>
                <![CDATA[https://classic.crmpro.com/index.html]]>
              </value>
            </param>
            <param index="1">
              <value>
                <![CDATA[firefox]]>
              </value>
            </param>
          </params>
          <reporter-output>
          </reporter-output>
        </test-method> <!-- lanchBrowser -->
        <test-method signature="invalidLoginTest(java.lang.String, java.lang.String)[pri:0, instance:com.classiccrm.testcases.LoginPageTest@2cdd0d4b]" started-at="2019-04-07T15:30:31Z" name="invalidLoginTest" data-provider="invalidLogin" finished-at="2019-04-07T15:30:33Z" duration-ms="1714" status="PASS">
          <params>
            <param index="0">
              <value>
                <![CDATA[Incorrectuser]]>
              </value>
            </param>
            <param index="1">
              <value>
                <![CDATA[Bmn123456]]>
              </value>
            </param>
          </params>
          <reporter-output>
          </reporter-output>
        </test-method> <!-- invalidLoginTest -->
        <test-method is-config="true" signature="drop()[pri:0, instance:com.classiccrm.testcases.LoginPageTest@2cdd0d4b]" started-at="2019-04-07T15:30:33Z" name="drop" finished-at="2019-04-07T15:30:35Z" duration-ms="2068" status="PASS">
          <reporter-output>
          </reporter-output>
        </test-method> <!-- drop -->
        <test-method is-config="true" signature="lanchBrowser(java.lang.String, java.lang.String)[pri:0, instance:com.classiccrm.testcases.LoginPageTest@2cdd0d4b]" started-at="2019-04-07T15:30:35Z" name="lanchBrowser" finished-at="2019-04-07T15:30:46Z" duration-ms="11337" status="PASS">
          <params>
            <param index="0">
              <value>
                <![CDATA[https://classic.crmpro.com/index.html]]>
              </value>
            </param>
            <param index="1">
              <value>
                <![CDATA[firefox]]>
              </value>
            </param>
          </params>
          <reporter-output>
          </reporter-output>
        </test-method> <!-- lanchBrowser -->
        <test-method signature="invalidLoginTest(java.lang.String, java.lang.String)[pri:0, instance:com.classiccrm.testcases.LoginPageTest@2cdd0d4b]" started-at="2019-04-07T15:30:46Z" name="invalidLoginTest" data-provider="invalidLogin" finished-at="2019-04-07T15:30:48Z" duration-ms="1813" status="PASS">
          <params>
            <param index="0">
              <value>
                <![CDATA[rahaouitesting]]>
              </value>
            </param>
            <param index="1">
              <value>
                <![CDATA[incorrect_password]]>
              </value>
            </param>
          </params>
          <reporter-output>
          </reporter-output>
        </test-method> <!-- invalidLoginTest -->
        <test-method is-config="true" signature="drop()[pri:0, instance:com.classiccrm.testcases.LoginPageTest@2cdd0d4b]" started-at="2019-04-07T15:30:48Z" name="drop" finished-at="2019-04-07T15:30:50Z" duration-ms="2300" status="PASS">
          <reporter-output>
          </reporter-output>
        </test-method> <!-- drop -->
        <test-method is-config="true" signature="lanchBrowser(java.lang.String, java.lang.String)[pri:0, instance:com.classiccrm.testcases.LoginPageTest@2cdd0d4b]" started-at="2019-04-07T15:30:50Z" name="lanchBrowser" finished-at="2019-04-07T15:31:02Z" duration-ms="11544" status="PASS">
          <params>
            <param index="0">
              <value>
                <![CDATA[https://classic.crmpro.com/index.html]]>
              </value>
            </param>
            <param index="1">
              <value>
                <![CDATA[firefox]]>
              </value>
            </param>
          </params>
          <reporter-output>
          </reporter-output>
        </test-method> <!-- lanchBrowser -->
        <test-method signature="invalidLoginTest(java.lang.String, java.lang.String)[pri:0, instance:com.classiccrm.testcases.LoginPageTest@2cdd0d4b]" started-at="2019-04-07T15:31:02Z" name="invalidLoginTest" data-provider="invalidLogin" finished-at="2019-04-07T15:31:03Z" duration-ms="1561" status="PASS">
          <params>
            <param index="0">
              <value>
                <![CDATA[Incorrectuser]]>
              </value>
            </param>
            <param index="1">
              <value>
                <![CDATA[incorrect_password]]>
              </value>
            </param>
          </params>
          <reporter-output>
          </reporter-output>
        </test-method> <!-- invalidLoginTest -->
        <test-method is-config="true" signature="drop()[pri:0, instance:com.classiccrm.testcases.LoginPageTest@2cdd0d4b]" started-at="2019-04-07T15:31:03Z" name="drop" finished-at="2019-04-07T15:31:05Z" duration-ms="2047" status="PASS">
          <reporter-output>
          </reporter-output>
        </test-method> <!-- drop -->
        <test-method is-config="true" signature="lanchBrowser(java.lang.String, java.lang.String)[pri:0, instance:com.classiccrm.testcases.LoginPageTest@2cdd0d4b]" started-at="2019-04-07T15:31:05Z" name="lanchBrowser" finished-at="2019-04-07T15:31:17Z" duration-ms="11467" status="PASS">
          <params>
            <param index="0">
              <value>
                <![CDATA[https://classic.crmpro.com/index.html]]>
              </value>
            </param>
            <param index="1">
              <value>
                <![CDATA[firefox]]>
              </value>
            </param>
          </params>
          <reporter-output>
          </reporter-output>
        </test-method> <!-- lanchBrowser -->
        <test-method signature="loginTest()[pri:0, instance:com.classiccrm.testcases.LoginPageTest@2cdd0d4b]" started-at="2019-04-07T15:31:17Z" name="loginTest" finished-at="2019-04-07T15:31:20Z" duration-ms="3436" status="PASS">
          <reporter-output>
          </reporter-output>
        </test-method> <!-- loginTest -->
        <test-method is-config="true" signature="drop()[pri:0, instance:com.classiccrm.testcases.LoginPageTest@2cdd0d4b]" started-at="2019-04-07T15:31:20Z" name="drop" finished-at="2019-04-07T15:31:22Z" duration-ms="2054" status="PASS">
          <reporter-output>
          </reporter-output>
        </test-method> <!-- drop -->
        <test-method is-config="true" signature="lanchBrowser(java.lang.String, java.lang.String)[pri:0, instance:com.classiccrm.testcases.LoginPageTest@2cdd0d4b]" started-at="2019-04-07T15:31:22Z" name="lanchBrowser" finished-at="2019-04-07T15:31:33Z" duration-ms="10997" status="PASS">
          <params>
            <param index="0">
              <value>
                <![CDATA[https://classic.crmpro.com/index.html]]>
              </value>
            </param>
            <param index="1">
              <value>
                <![CDATA[firefox]]>
              </value>
            </param>
          </params>
          <reporter-output>
          </reporter-output>
        </test-method> <!-- lanchBrowser -->
        <test-method signature="accountLabelTest()[pri:0, instance:com.classiccrm.testcases.LoginPageTest@2cdd0d4b]" started-at="2019-04-07T15:31:33Z" name="accountLabelTest" finished-at="2019-04-07T15:31:38Z" duration-ms="4366" status="PASS">
          <reporter-output>
          </reporter-output>
        </test-method> <!-- accountLabelTest -->
        <test-method is-config="true" signature="drop()[pri:0, instance:com.classiccrm.testcases.LoginPageTest@2cdd0d4b]" started-at="2019-04-07T15:31:38Z" name="drop" finished-at="2019-04-07T15:31:40Z" duration-ms="1868" status="PASS">
          <reporter-output>
          </reporter-output>
        </test-method> <!-- drop -->
      </class> <!-- com.classiccrm.testcases.LoginPageTest -->
      <class name="com.classiccrm.testcases.ContactPageTest">
        <test-method is-config="true" signature="lanchBrowser(java.lang.String, java.lang.String)[pri:0, instance:com.classiccrm.testcases.ContactPageTest@5ab9e72c]" started-at="2019-04-07T15:31:40Z" name="lanchBrowser" finished-at="2019-04-07T15:31:52Z" duration-ms="12434" status="PASS">
          <params>
            <param index="0">
              <value>
                <![CDATA[https://classic.crmpro.com/index.html]]>
              </value>
            </param>
            <param index="1">
              <value>
                <![CDATA[firefox]]>
              </value>
            </param>
          </params>
          <reporter-output>
          </reporter-output>
        </test-method> <!-- lanchBrowser -->
        <test-method signature="addNewContactTest(java.lang.String, java.lang.String, java.lang.String, java.lang.String)[pri:0, instance:com.classiccrm.testcases.ContactPageTest@5ab9e72c]" started-at="2019-04-07T15:31:52Z" name="addNewContactTest" data-provider="addContactData" finished-at="2019-04-07T15:31:59Z" duration-ms="7324" status="PASS">
          <params>
            <param index="0">
              <value>
                <![CDATA[Jsandye]]>
              </value>
            </param>
            <param index="1">
              <value>
                <![CDATA[Bustard]]>
              </value>
            </param>
            <param index="2">
              <value>
                <![CDATA[Voonder]]>
              </value>
            </param>
            <param index="3">
              <value>
                <![CDATA[Engineering]]>
              </value>
            </param>
          </params>
          <reporter-output>
          </reporter-output>
        </test-method> <!-- addNewContactTest -->
        <test-method is-config="true" signature="drop()[pri:0, instance:com.classiccrm.testcases.ContactPageTest@5ab9e72c]" started-at="2019-04-07T15:31:59Z" name="drop" finished-at="2019-04-07T15:32:01Z" duration-ms="1811" status="PASS">
          <reporter-output>
          </reporter-output>
        </test-method> <!-- drop -->
        <test-method is-config="true" signature="lanchBrowser(java.lang.String, java.lang.String)[pri:0, instance:com.classiccrm.testcases.ContactPageTest@5ab9e72c]" started-at="2019-04-07T15:32:01Z" name="lanchBrowser" finished-at="2019-04-07T15:32:13Z" duration-ms="11936" status="PASS">
          <params>
            <param index="0">
              <value>
                <![CDATA[https://classic.crmpro.com/index.html]]>
              </value>
            </param>
            <param index="1">
              <value>
                <![CDATA[firefox]]>
              </value>
            </param>
          </params>
          <reporter-output>
          </reporter-output>
        </test-method> <!-- lanchBrowser -->
        <test-method signature="addNewContactTest(java.lang.String, java.lang.String, java.lang.String, java.lang.String)[pri:0, instance:com.classiccrm.testcases.ContactPageTest@5ab9e72c]" started-at="2019-04-07T15:32:13Z" name="addNewContactTest" data-provider="addContactData" finished-at="2019-04-07T15:32:21Z" duration-ms="7627" status="PASS">
          <params>
            <param index="0">
              <value>
                <![CDATA[Viola]]>
              </value>
            </param>
            <param index="1">
              <value>
                <![CDATA[Stenyng]]>
              </value>
            </param>
            <param index="2">
              <value>
                <![CDATA[Divanoodle]]>
              </value>
            </param>
            <param index="3">
              <value>
                <![CDATA[Accounting]]>
              </value>
            </param>
          </params>
          <reporter-output>
          </reporter-output>
        </test-method> <!-- addNewContactTest -->
        <test-method is-config="true" signature="drop()[pri:0, instance:com.classiccrm.testcases.ContactPageTest@5ab9e72c]" started-at="2019-04-07T15:32:21Z" name="drop" finished-at="2019-04-07T15:32:23Z" duration-ms="1771" status="PASS">
          <reporter-output>
          </reporter-output>
        </test-method> <!-- drop -->
        <test-method is-config="true" signature="lanchBrowser(java.lang.String, java.lang.String)[pri:0, instance:com.classiccrm.testcases.ContactPageTest@5ab9e72c]" started-at="2019-04-07T15:32:23Z" name="lanchBrowser" finished-at="2019-04-07T15:32:35Z" duration-ms="11955" status="PASS">
          <params>
            <param index="0">
              <value>
                <![CDATA[https://classic.crmpro.com/index.html]]>
              </value>
            </param>
            <param index="1">
              <value>
                <![CDATA[firefox]]>
              </value>
            </param>
          </params>
          <reporter-output>
          </reporter-output>
        </test-method> <!-- lanchBrowser -->
        <test-method signature="addNewContactTest(java.lang.String, java.lang.String, java.lang.String, java.lang.String)[pri:0, instance:com.classiccrm.testcases.ContactPageTest@5ab9e72c]" started-at="2019-04-07T15:32:35Z" name="addNewContactTest" data-provider="addContactData" finished-at="2019-04-07T15:32:42Z" duration-ms="7153" status="PASS">
          <params>
            <param index="0">
              <value>
                <![CDATA[Alberto]]>
              </value>
            </param>
            <param index="1">
              <value>
                <![CDATA[Colleck]]>
              </value>
            </param>
            <param index="2">
              <value>
                <![CDATA[Vipe]]>
              </value>
            </param>
            <param index="3">
              <value>
                <![CDATA[Training]]>
              </value>
            </param>
          </params>
          <reporter-output>
          </reporter-output>
        </test-method> <!-- addNewContactTest -->
        <test-method is-config="true" signature="drop()[pri:0, instance:com.classiccrm.testcases.ContactPageTest@5ab9e72c]" started-at="2019-04-07T15:32:42Z" name="drop" finished-at="2019-04-07T15:32:45Z" duration-ms="2906" status="PASS">
          <reporter-output>
          </reporter-output>
        </test-method> <!-- drop -->
        <test-method is-config="true" signature="lanchBrowser(java.lang.String, java.lang.String)[pri:0, instance:com.classiccrm.testcases.ContactPageTest@5ab9e72c]" started-at="2019-04-07T15:32:45Z" name="lanchBrowser" finished-at="2019-04-07T15:32:57Z" duration-ms="12043" status="PASS">
          <params>
            <param index="0">
              <value>
                <![CDATA[https://classic.crmpro.com/index.html]]>
              </value>
            </param>
            <param index="1">
              <value>
                <![CDATA[firefox]]>
              </value>
            </param>
          </params>
          <reporter-output>
          </reporter-output>
        </test-method> <!-- lanchBrowser -->
        <test-method signature="addNewContactTest(java.lang.String, java.lang.String, java.lang.String, java.lang.String)[pri:0, instance:com.classiccrm.testcases.ContactPageTest@5ab9e72c]" started-at="2019-04-07T15:32:57Z" name="addNewContactTest" data-provider="addContactData" finished-at="2019-04-07T15:33:04Z" duration-ms="6908" status="PASS">
          <params>
            <param index="0">
              <value>
                <![CDATA[Lion]]>
              </value>
            </param>
            <param index="1">
              <value>
                <![CDATA[Scaddon]]>
              </value>
            </param>
            <param index="2">
              <value>
                <![CDATA[Jayo]]>
              </value>
            </param>
            <param index="3">
              <value>
                <![CDATA[Business Development]]>
              </value>
            </param>
          </params>
          <reporter-output>
          </reporter-output>
        </test-method> <!-- addNewContactTest -->
        <test-method is-config="true" signature="drop()[pri:0, instance:com.classiccrm.testcases.ContactPageTest@5ab9e72c]" started-at="2019-04-07T15:33:04Z" name="drop" finished-at="2019-04-07T15:33:05Z" duration-ms="1753" status="PASS">
          <reporter-output>
          </reporter-output>
        </test-method> <!-- drop -->
        <test-method is-config="true" signature="lanchBrowser(java.lang.String, java.lang.String)[pri:0, instance:com.classiccrm.testcases.ContactPageTest@5ab9e72c]" started-at="2019-04-07T15:33:05Z" name="lanchBrowser" finished-at="2019-04-07T15:33:17Z" duration-ms="12157" status="PASS">
          <params>
            <param index="0">
              <value>
                <![CDATA[https://classic.crmpro.com/index.html]]>
              </value>
            </param>
            <param index="1">
              <value>
                <![CDATA[firefox]]>
              </value>
            </param>
          </params>
          <reporter-output>
          </reporter-output>
        </test-method> <!-- lanchBrowser -->
        <test-method signature="addNewContactTest(java.lang.String, java.lang.String, java.lang.String, java.lang.String)[pri:0, instance:com.classiccrm.testcases.ContactPageTest@5ab9e72c]" started-at="2019-04-07T15:33:17Z" name="addNewContactTest" data-provider="addContactData" finished-at="2019-04-07T15:33:25Z" duration-ms="7065" status="PASS">
          <params>
            <param index="0">
              <value>
                <![CDATA[Barnaby]]>
              </value>
            </param>
            <param index="1">
              <value>
                <![CDATA[Joselevitz]]>
              </value>
            </param>
            <param index="2">
              <value>
                <![CDATA[Feednation]]>
              </value>
            </param>
            <param index="3">
              <value>
                <![CDATA[Services]]>
              </value>
            </param>
          </params>
          <reporter-output>
          </reporter-output>
        </test-method> <!-- addNewContactTest -->
        <test-method is-config="true" signature="drop()[pri:0, instance:com.classiccrm.testcases.ContactPageTest@5ab9e72c]" started-at="2019-04-07T15:33:25Z" name="drop" finished-at="2019-04-07T15:33:26Z" duration-ms="1756" status="PASS">
          <reporter-output>
          </reporter-output>
        </test-method> <!-- drop -->
      </class> <!-- com.classiccrm.testcases.ContactPageTest -->
    </test> <!-- Test -->
  </suite> <!-- End2End -->
</testng-results>
