<?xml version="1.0" encoding="UTF-8"?>
<testng-results skipped="0" failed="0" total="1" passed="1">
  <reporter-output>
  </reporter-output>
  <suite name="End2End" duration-ms="19631" started-at="2019-04-06T13:54:35Z" finished-at="2019-04-06T13:54:55Z">
    <groups>
    </groups>
    <test name="Test" duration-ms="19631" started-at="2019-04-06T13:54:35Z" finished-at="2019-04-06T13:54:55Z">
      <class name="com.classiccrm.testcases.HomePageTest">
        <test-method status="PASS" signature="lanchBrowser(java.lang.String, java.lang.String)[pri:0, instance:com.classiccrm.testcases.HomePageTest@627551fb]" name="lanchBrowser" is-config="true" duration-ms="13448" started-at="2019-04-06T15:54:35Z" finished-at="2019-04-06T15:54:49Z">
          <params>
            <param index="0">
              <value>
                <![CDATA[https://classic.crmpro.com/index.html]]>
              </value>
            </param>
            <param index="1">
              <value>
                <![CDATA[firefox]]>
              </value>
            </param>
          </params>
          <reporter-output>
          </reporter-output>
        </test-method> <!-- lanchBrowser -->
        <test-method status="PASS" signature="validLoginTest()[pri:0, instance:com.classiccrm.testcases.HomePageTest@627551fb]" name="validLoginTest" duration-ms="4363" started-at="2019-04-06T15:54:49Z" finished-at="2019-04-06T15:54:53Z">
          <reporter-output>
          </reporter-output>
        </test-method> <!-- validLoginTest -->
        <test-method status="PASS" signature="drop()[pri:0, instance:com.classiccrm.testcases.HomePageTest@627551fb]" name="drop" is-config="true" duration-ms="1807" started-at="2019-04-06T15:54:53Z" finished-at="2019-04-06T15:54:55Z">
          <reporter-output>
          </reporter-output>
        </test-method> <!-- drop -->
      </class> <!-- com.classiccrm.testcases.HomePageTest -->
    </test> <!-- Test -->
  </suite> <!-- End2End -->
</testng-results>
